{
  "RSpec": {
    "coverage": {
      "/Users/WorkStuff/Desktop/gitDir/week3/friday_tom/battle-monsters/spec/features/attack_spec.rb": [
        1,
        1,
        1,
        1,
        1,
        null,
        null,
        null
      ],
      "/Users/WorkStuff/Desktop/gitDir/week3/friday_tom/battle-monsters/spec/features/hitpoints_spec.rb": [
        null,
        1,
        1,
        1,
        1,
        null,
        null
      ],
      "/Users/WorkStuff/Desktop/gitDir/week3/friday_tom/battle-monsters/spec/features/player_spec.rb": [
        1,
        1,
        1,
        null,
        1,
        1,
        1,
        1,
        null,
        null
      ],
      "/Users/WorkStuff/Desktop/gitDir/week3/friday_tom/battle-monsters/spec/game_spec.rb": [
        1,
        null,
        1,
        2,
        1,
        2,
        null,
        1,
        1,
        1,
        1,
        null,
        null,
        null
      ],
      "/Users/WorkStuff/Desktop/gitDir/week3/friday_tom/battle-monsters/lib/game.rb": [
        1,
        null,
        1,
        null,
        1,
        2,
        null,
        null,
        null
      ],
      "/Users/WorkStuff/Desktop/gitDir/week3/friday_tom/battle-monsters/spec/player_spec.rb": [
        1,
        null,
        1,
        4,
        1,
        null,
        1,
        1,
        1,
        null,
        null,
        null,
        1,
        1,
        1,
        null,
        null,
        null,
        1,
        1,
        4,
        null,
        null,
        null,
        null
      ]
    },
    "timestamp": 1520612091
  }
}
