{
  "RSpec": {
    "coverage": {
      "/Users/thomasduffy/Documents/Programming/Learning/Makers Academy/Projects/battle_monsters/spec/features/attack_spec.rb": [
        1,
        1,
        1,
        1,
        1,
        null,
        null,
        null
      ],
      "/Users/thomasduffy/Documents/Programming/Learning/Makers Academy/Projects/battle_monsters/spec/features/hitpoints_spec.rb": [
        null,
        1,
        1,
        1,
        1,
        null,
        null
      ],
      "/Users/thomasduffy/Documents/Programming/Learning/Makers Academy/Projects/battle_monsters/spec/features/player_spec.rb": [
        1,
        1,
        1,
        null,
        1,
        1,
        1,
        1,
        null,
        null
      ],
      "/Users/thomasduffy/Documents/Programming/Learning/Makers Academy/Projects/battle_monsters/spec/game_spec.rb": [
        1,
        null,
        1,
        4,
        4,
        4,
        null,
        1,
        1,
        1,
        1,
        null,
        null,
        null,
        1,
        1,
        1,
        null,
        null,
        null,
        1,
        1,
        1,
        null,
        null,
        null
      ],
      "/Users/thomasduffy/Documents/Programming/Learning/Makers Academy/Projects/battle_monsters/spec/player_spec.rb": [
        1,
        null,
        1,
        4,
        1,
        null,
        1,
        1,
        1,
        null,
        null,
        null,
        1,
        1,
        1,
        null,
        null,
        null,
        1,
        1,
        4,
        null,
        null,
        null,
        null
      ]
    },
    "timestamp": 1520617307
  }
}
